1>------ 已启动生成:  项目: cpp-empty-test, 配置: Debug Win32 ------
1>  复制了 0 个文件
1>  复制了 0 个文件
1>C:\Program Files (x86)\MSBuild\Microsoft.Cpp\v4.0\V120\Microsoft.CppBuild.targets(935,5): warning MSB8027: Two or more files with the name of DetectCPU.cpp will produce outputs to the same location. This can lead to an incorrect build result.  The files involved are ..\Classes\core\environ\DetectCPU.cpp, ..\Classes\core\environ\win32\DetectCPU.cpp.
1>C:\Program Files (x86)\MSBuild\Microsoft.Cpp\v4.0\V120\Microsoft.CppBuild.targets(935,5): warning MSB8027: Two or more files with the name of Platform.cpp will produce outputs to the same location. This can lead to an incorrect build result.  The files involved are ..\Classes\core\environ\linux\Platform.cpp, ..\Classes\core\environ\win32\Platform.cpp.
1>AppDelegate_ori.obj : warning LNK4075: 忽略“/EDITANDCONTINUE”(由于“/SAFESEH”规范)
1>     正在创建库 E:\sync\krkr_kirikiroid2\cocos2d-x-3.6\build\Debug.win32\cpp-empty-test\cpp-empty-test.lib 和对象 E:\sync\krkr_kirikiroid2\cocos2d-x-3.6\build\Debug.win32\cpp-empty-test\cpp-empty-test.exp
1>LINK : warning LNK4098: 默认库“LIBCMTD”与其他库的使用冲突；请使用 /NODEFAULTLIB:library
1>LINK : warning LNK4098: 默认库“MSVCRT”与其他库的使用冲突；请使用 /NODEFAULTLIB:library
1>LINK : warning LNK4098: 默认库“LIBCMT”与其他库的使用冲突；请使用 /NODEFAULTLIB:library
1>LoadJPEG.obj : error LNK2019: 无法解析的外部符号 _tjInitDecompress，该符号在函数 "void __cdecl TVPLoadJPEG(void *,void *,int (__cdecl*)(void *,unsigned int,unsigned int,enum tTVPGraphicPixelFormat),void * (__cdecl*)(void *,int),void (__cdecl*)(void *,class TJS::tTJSString const &,class TJS::tTJSString const &),class TJS::tTJSBinaryStream *,int,enum tTVPGraphicLoadMode)" (?TVPLoadJPEG@@YAXPAX0P6AH0IIW4tTVPGraphicPixelFormat@@@ZP6APAX0H@ZP6AX0ABVtTJSString@TJS@@4@ZPAVtTJSBinaryStream@3@HW4tTVPGraphicLoadMode@@@Z) 中被引用
1>LoadJPEG.obj : error LNK2019: 无法解析的外部符号 _tjDecompress2，该符号在函数 "void __cdecl TVPLoadJPEG(void *,void *,int (__cdecl*)(void *,unsigned int,unsigned int,enum tTVPGraphicPixelFormat),void * (__cdecl*)(void *,int),void (__cdecl*)(void *,class TJS::tTJSString const &,class TJS::tTJSString const &),class TJS::tTJSBinaryStream *,int,enum tTVPGraphicLoadMode)" (?TVPLoadJPEG@@YAXPAX0P6AH0IIW4tTVPGraphicPixelFormat@@@ZP6APAX0H@ZP6AX0ABVtTJSString@TJS@@4@ZPAVtTJSBinaryStream@3@HW4tTVPGraphicLoadMode@@@Z) 中被引用
1>LoadJPEG.obj : error LNK2019: 无法解析的外部符号 _tjDestroy，该符号在函数 __catch$?TVPLoadJPEG@@YAXPAX0P6AH0IIW4tTVPGraphicPixelFormat@@@ZP6APAX0H@ZP6AX0ABVtTJSString@TJS@@4@ZPAVtTJSBinaryStream@3@HW4tTVPGraphicLoadMode@@@Z$0 中被引用
1>LoadJPEG.obj : error LNK2019: 无法解析的外部符号 _tjAlloc，该符号在函数 "void __cdecl TVPLoadJPEG(void *,void *,int (__cdecl*)(void *,unsigned int,unsigned int,enum tTVPGraphicPixelFormat),void * (__cdecl*)(void *,int),void (__cdecl*)(void *,class TJS::tTJSString const &,class TJS::tTJSString const &),class TJS::tTJSBinaryStream *,int,enum tTVPGraphicLoadMode)" (?TVPLoadJPEG@@YAXPAX0P6AH0IIW4tTVPGraphicPixelFormat@@@ZP6APAX0H@ZP6AX0ABVtTJSString@TJS@@4@ZPAVtTJSBinaryStream@3@HW4tTVPGraphicLoadMode@@@Z) 中被引用
1>LoadJPEG.obj : error LNK2019: 无法解析的外部符号 _tjFree，该符号在函数 "void __cdecl TVPLoadJPEG(void *,void *,int (__cdecl*)(void *,unsigned int,unsigned int,enum tTVPGraphicPixelFormat),void * (__cdecl*)(void *,int),void (__cdecl*)(void *,class TJS::tTJSString const &,class TJS::tTJSString const &),class TJS::tTJSBinaryStream *,int,enum tTVPGraphicLoadMode)" (?TVPLoadJPEG@@YAXPAX0P6AH0IIW4tTVPGraphicPixelFormat@@@ZP6APAX0H@ZP6AX0ABVtTJSString@TJS@@4@ZPAVtTJSBinaryStream@3@HW4tTVPGraphicLoadMode@@@Z) 中被引用
1>LoadJPEG.obj : error LNK2019: 无法解析的外部符号 _tjDecompressHeader2，该符号在函数 "void __cdecl TVPLoadJPEG(void *,void *,int (__cdecl*)(void *,unsigned int,unsigned int,enum tTVPGraphicPixelFormat),void * (__cdecl*)(void *,int),void (__cdecl*)(void *,class TJS::tTJSString const &,class TJS::tTJSString const &),class TJS::tTJSBinaryStream *,int,enum tTVPGraphicLoadMode)" (?TVPLoadJPEG@@YAXPAX0P6AH0IIW4tTVPGraphicPixelFormat@@@ZP6APAX0H@ZP6AX0ABVtTJSString@TJS@@4@ZPAVtTJSBinaryStream@3@HW4tTVPGraphicLoadMode@@@Z) 中被引用
1>E:\sync\krkr_kirikiroid2\cocos2d-x-3.6\build\Debug.win32\cpp-empty-test\cpp-empty-test.exe : fatal error LNK1120: 6 个无法解析的外部命令
========== 生成:  成功 0 个，失败 1 个，最新 3 个，跳过 0 个 ==========

